<!DOCTYPE html PUBLIC "-//W3C//DTD XHTML 1.1//EN" "http://www.w3.org/TR/xhtml11/DTD/xhtml11.dtd">
<html xmlns="http://www.w3.org/1999/xhtml">
<head>
<meta http-equiv="content-type" content="text/html; charset=UTF-8"/>
<title>TestNG Report</title>
<style type="text/css">table {margin-bottom:10px;border-collapse:collapse;empty-cells:show}th,td {border:1px solid #009;padding:.25em .5em}th {vertical-align:bottom}td {vertical-align:top}table a {font-weight:bold}.stripe td {background-color: #E6EBF9}.num {text-align:right}.passedodd td {background-color: #3F3}.passedeven td {background-color: #0A0}.skippedodd td {background-color: #DDD}.skippedeven td {background-color: #CCC}.failedodd td,.attn {background-color: #F33}.failedeven td,.stripe .attn {background-color: #D00}.stacktrace {white-space:pre;font-family:monospace}.totop {font-size:85%;text-align:center;border-bottom:2px solid #000}.invisible {display:none}</style>
</head>
<body>
<table>
<tr><th>Test</th><th># Passed</th><th># Skipped</th><th># Retried</th><th># Failed</th><th>Time (ms)</th><th>Included Groups</th><th>Excluded Groups</th></tr>
<tr><th colspan="7">AutomateTutorialsNinja</th></tr>
<tr><th colspan="7">AutomateTutorialsNinja (0)</th></tr>
<tr><td><a href="#t0">TutorialsNinja</a></td><td class="num">0</td><td class="num">0</td><td class="num">0</td><td class="num attn">3</td><td class="num">50,999</td><td></td><td></td></tr>
<tr><th colspan="7">AutomateHeatClinic</th></tr>
<tr class="stripe"><td><a href="#t1">HeatClinic</a></td><td class="num">1</td><td class="num">0</td><td class="num">0</td><td class="num attn">3</td><td class="num">47,976</td><td></td><td></td></tr>
<tr><th>Total</th><th class="num">1</th><th class="num">0</th><th class="num">0</th><th class="num attn">6</th><th class="num">98,975</th><th colspan="2"></th></tr>
</table>
<table id='summary'><thead><tr><th>Class</th><th>Method</th><th>Start</th><th>Time (ms)</th></tr></thead><tbody><tr><th colspan="4">AutomateTutorialsNinja</th></tr></tbody><tbody><tr><th colspan="4">AutomateTutorialsNinja (0)</th></tr></tbody><tbody id="t0"><tr><th colspan="4">TutorialsNinja &#8212; failed (configuration methods)</th></tr><tr class="failedeven"><td rowspan="1">com.tutorialsninja.testscript.AutomateTutorialsNinja</td><td><a href="#m0">closeBrowser</a></td><td rowspan="1">1573225970897</td><td rowspan="1">-1573225970897</td></tr><tr><th colspan="4">TutorialsNinja &#8212; failed</th></tr><tr class="failedeven"><td rowspan="3">com.tutorialsninja.testscript.AutomateTutorialsNinja</td><td><a href="#m1">addToCart</a></td><td rowspan="1">1573225939136</td><td rowspan="1">0</td></tr><tr class="failedeven"><td><a href="#m2">cartTotal</a></td><td rowspan="1">1573225939156</td><td rowspan="1">30077</td></tr><tr class="failedeven"><td><a href="#m3">validateHomepage</a></td><td rowspan="1">1573225939115</td><td rowspan="1">0</td></tr></tbody>
<tbody><tr><th colspan="4">AutomateHeatClinic</th></tr></tbody><tbody id="t1"><tr><th colspan="4">HeatClinic &#8212; failed (configuration methods)</th></tr><tr class="failedeven"><td rowspan="1">com.tutorialsninja.testscript.AutomateHeatClinic</td><td><a href="#m4">closeBrowser</a></td><td rowspan="1">1573226018919</td><td rowspan="1">-1573226018919</td></tr><tr><th colspan="4">HeatClinic &#8212; failed</th></tr><tr class="failedeven"><td rowspan="3">com.tutorialsninja.testscript.AutomateHeatClinic</td><td><a href="#m5">BuyHabaneroShirt</a></td><td rowspan="1">1573225986752</td><td rowspan="1">0</td></tr><tr class="failedeven"><td><a href="#m6">validateUserInRespectivePage</a></td><td rowspan="1">1573225986586</td><td rowspan="1">0</td></tr><tr class="failedeven"><td><a href="#m7">verifyViewingMenText</a></td><td rowspan="1">1573225986591</td><td rowspan="1">152</td></tr><tr><th colspan="4">HeatClinic &#8212; passed</th></tr><tr class="passedeven"><td rowspan="1">com.tutorialsninja.testscript.AutomateHeatClinic</td><td><a href="#m8">validateCartItem</a></td><td rowspan="1">1573225986758</td><td rowspan="1">30434</td></tr></tbody>
</table>
<h2>TutorialsNinja</h2><h3 id="m0">com.tutorialsninja.testscript.AutomateTutorialsNinja#closeBrowser</h3><table class="result"><tr><th>Exception</th></tr><tr><td><div class="stacktrace">org.testng.TestNGException: 
Can inject only one of &lt;ITestContext, XmlTest&gt; into a @AfterSuite annotated closeBrowser.
For more information on native dependency injection please refer to http://testng.org/doc/documentation-main.html#native-dependency-injection
... Removed 17 stack frames</div></td></tr></table><p class="totop"><a href="#summary">back to summary</a></p>
<h3 id="m1">com.tutorialsninja.testscript.AutomateTutorialsNinja#addToCart</h3><table class="result"><tr><th>Exception</th></tr><tr><td><div class="stacktrace">org.testng.TestNGException: 
Method public void com.tutorialsninja.testscript.AutomateTutorialsNinja.addToCart(java.lang.String,java.lang.String) throws java.lang.Exception requires a @DataProvider named : addToCart
	at java.util.ArrayList.forEach(ArrayList.java:1257)
... Removed 25 stack frames</div></td></tr></table><p class="totop"><a href="#summary">back to summary</a></p>
<h3 id="m2">com.tutorialsninja.testscript.AutomateTutorialsNinja#cartTotal</h3><table class="result"><tr><th>Exception</th></tr><tr><td><div class="stacktrace">org.openqa.selenium.NoSuchElementException: Unable to locate element: #id\:cart\-total
For documentation on this error, please visit: https://www.seleniumhq.org/exceptions/no_such_element.html
Build info: version: &apos;4.0.0-alpha-2&apos;, revision: &apos;f148142cf8&apos;, time: &apos;2019-07-01T20:55:26&apos;
System info: host: &apos;ATMECSINLT-473&apos;, ip: &apos;55.55.53.108&apos;, os.name: &apos;Windows 10&apos;, os.arch: &apos;amd64&apos;, os.version: &apos;10.0&apos;, java.version: &apos;1.8.0_231&apos;
Driver info: org.openqa.selenium.firefox.FirefoxDriver
Capabilities {acceptInsecureCerts: true, browserName: firefox, browserVersion: 70.0.1, javascriptEnabled: true, moz:accessibilityChecks: false, moz:buildID: 20191030021342, moz:geckodriverVersion: 0.24.0, moz:headless: false, moz:processID: 27616, moz:profile: C:\Users\indira.saravanan\A..., moz:shutdownTimeout: 60000, moz:useNonSpecCompliantPointerOrigin: false, moz:webdriverClick: true, pageLoadStrategy: normal, platform: WINDOWS, platformName: WINDOWS, platformVersion: 10.0, rotatable: false, setWindowRect: true, strictFileInteractability: false, timeouts: {implicit: 0, pageLoad: 300000, script: 30000}, unhandledPromptBehavior: dismiss and notify}
Session ID: bfc4cd3b-9f4e-43a1-94a6-21e3d27b1b77
*** Element info: {Using=id, value=id:cart-total}
	at org.openqa.selenium.remote.codec.w3c.W3CHttpResponseCodec.createException(W3CHttpResponseCodec.java:191)
	at org.openqa.selenium.remote.codec.w3c.W3CHttpResponseCodec.decode(W3CHttpResponseCodec.java:125)
	at org.openqa.selenium.remote.codec.w3c.W3CHttpResponseCodec.decode(W3CHttpResponseCodec.java:52)
	at org.openqa.selenium.remote.HttpCommandExecutor.execute(HttpCommandExecutor.java:161)
	at org.openqa.selenium.remote.service.DriverCommandExecutor.execute(DriverCommandExecutor.java:83)
	at org.openqa.selenium.remote.RemoteWebDriver.execute(RemoteWebDriver.java:576)
	at org.openqa.selenium.remote.RemoteWebDriver.findElement(RemoteWebDriver.java:327)
	at org.openqa.selenium.remote.RemoteWebDriver.findElementById(RemoteWebDriver.java:375)
	at org.openqa.selenium.By$ById.findElement(By.java:188)
	at org.openqa.selenium.remote.RemoteWebDriver.findElement(RemoteWebDriver.java:319)
	at com.tutorialsninja.testscript.AutomateTutorialsNinja.cartTotal(AutomateTutorialsNinja.java:40)
	at java.util.ArrayList.forEach(ArrayList.java:1257)
... Removed 32 stack frames</div></td></tr></table><p class="totop"><a href="#summary">back to summary</a></p>
<h3 id="m3">com.tutorialsninja.testscript.AutomateTutorialsNinja#validateHomepage</h3><table class="result"><tr><th>Exception</th></tr><tr><td><div class="stacktrace">org.testng.TestNGException: 
Method public void com.tutorialsninja.testscript.AutomateTutorialsNinja.validateHomepage(java.lang.String) throws java.lang.Exception requires a @DataProvider named : url
	at java.util.ArrayList.forEach(ArrayList.java:1257)
... Removed 25 stack frames</div></td></tr></table><p class="totop"><a href="#summary">back to summary</a></p>
<h2>HeatClinic</h2><h3 id="m4">com.tutorialsninja.testscript.AutomateHeatClinic#closeBrowser</h3><table class="result"><tr><th>Exception</th></tr><tr><td><div class="stacktrace">org.testng.TestNGException: 
Can inject only one of &lt;ITestContext, XmlTest&gt; into a @AfterSuite annotated closeBrowser.
For more information on native dependency injection please refer to http://testng.org/doc/documentation-main.html#native-dependency-injection
... Removed 17 stack frames</div></td></tr></table><p class="totop"><a href="#summary">back to summary</a></p>
<h3 id="m5">com.tutorialsninja.testscript.AutomateHeatClinic#BuyHabaneroShirt</h3><table class="result"><tr><th>Exception</th></tr><tr><td><div class="stacktrace">org.testng.TestNGException: 
Method public void com.tutorialsninja.testscript.AutomateHeatClinic.BuyHabaneroShirt(java.lang.String) throws java.lang.Exception requires a @DataProvider named : personalizedName
	at java.util.ArrayList.forEach(ArrayList.java:1257)
... Removed 25 stack frames</div></td></tr></table><p class="totop"><a href="#summary">back to summary</a></p>
<h3 id="m6">com.tutorialsninja.testscript.AutomateHeatClinic#validateUserInRespectivePage</h3><table class="result"><tr><th>Exception</th></tr><tr><td><div class="stacktrace">org.testng.TestNGException: 
Method public void com.tutorialsninja.testscript.AutomateHeatClinic.validateUserInRespectivePage(java.lang.String) throws java.lang.Exception requires a @DataProvider named : userPage
	at java.util.ArrayList.forEach(ArrayList.java:1257)
... Removed 25 stack frames</div></td></tr></table><p class="totop"><a href="#summary">back to summary</a></p>
<h3 id="m7">com.tutorialsninja.testscript.AutomateHeatClinic#verifyViewingMenText</h3><table class="result"><tr><th>Exception</th></tr><tr><td><div class="stacktrace">org.openqa.selenium.ElementNotInteractableException: Element &lt;a class=&quot;sub-menu&quot; href=&quot;/mens&quot;&gt; could not be scrolled into view
Build info: version: &apos;4.0.0-alpha-2&apos;, revision: &apos;f148142cf8&apos;, time: &apos;2019-07-01T20:55:26&apos;
System info: host: &apos;ATMECSINLT-473&apos;, ip: &apos;55.55.53.108&apos;, os.name: &apos;Windows 10&apos;, os.arch: &apos;amd64&apos;, os.version: &apos;10.0&apos;, java.version: &apos;1.8.0_231&apos;
Driver info: org.openqa.selenium.firefox.FirefoxDriver
Capabilities {acceptInsecureCerts: true, browserName: firefox, browserVersion: 70.0.1, javascriptEnabled: true, moz:accessibilityChecks: false, moz:buildID: 20191030021342, moz:geckodriverVersion: 0.24.0, moz:headless: false, moz:processID: 30676, moz:profile: C:\Users\indira.saravanan\A..., moz:shutdownTimeout: 60000, moz:useNonSpecCompliantPointerOrigin: false, moz:webdriverClick: true, pageLoadStrategy: normal, platform: WINDOWS, platformName: WINDOWS, platformVersion: 10.0, rotatable: false, setWindowRect: true, strictFileInteractability: false, timeouts: {implicit: 0, pageLoad: 300000, script: 30000}, unhandledPromptBehavior: dismiss and notify}
Session ID: 90d35eb6-5375-4ac9-aca9-7ee00e32a7c3
	at org.openqa.selenium.remote.codec.w3c.W3CHttpResponseCodec.createException(W3CHttpResponseCodec.java:191)
	at org.openqa.selenium.remote.codec.w3c.W3CHttpResponseCodec.decode(W3CHttpResponseCodec.java:125)
	at org.openqa.selenium.remote.codec.w3c.W3CHttpResponseCodec.decode(W3CHttpResponseCodec.java:52)
	at org.openqa.selenium.remote.HttpCommandExecutor.execute(HttpCommandExecutor.java:161)
	at org.openqa.selenium.remote.service.DriverCommandExecutor.execute(DriverCommandExecutor.java:83)
	at org.openqa.selenium.remote.RemoteWebDriver.execute(RemoteWebDriver.java:576)
	at org.openqa.selenium.remote.RemoteWebElement.execute(RemoteWebElement.java:308)
	at org.openqa.selenium.remote.RemoteWebElement.click(RemoteWebElement.java:83)
	at com.tutorialsninja.helper.Helper.clickElement(Helper.java:53)
	at com.tutorialsninja.testscript.AutomateHeatClinic.verifyViewingMenText(AutomateHeatClinic.java:38)
	at java.util.ArrayList.forEach(ArrayList.java:1257)
... Removed 32 stack frames</div></td></tr></table><p class="totop"><a href="#summary">back to summary</a></p>
<h3 id="m8">com.tutorialsninja.testscript.AutomateHeatClinic#validateCartItem</h3><table class="result"><tr><th class="invisible"/></tr></table><p class="totop"><a href="#summary">back to summary</a></p>
</body>
</html>
