<?xml version="1.0" encoding="UTF-8"?>
<!-- Generated by org.testng.reporters.JUnitXMLReporter -->
<testsuite hostname="ATMECSINLT-473" ignored="0" name="HeatClinic" tests="4" failures="3" timestamp="2019-11-08T20:43:38 IST" time="47.976" errors="0">
  <testcase name="validateUserInRespectivePage" time="0.0" classname="com.tutorialsninja.testscript.AutomateHeatClinic">
    <failure type="org.testng.TestNGException" message="
Method public void com.tutorialsninja.testscript.AutomateHeatClinic.validateUserInRespectivePage(java.lang.String) throws java.lang.Exception requires a @DataProvider named : userPage">
      <![CDATA[org.testng.TestNGException: 
Method public void com.tutorialsninja.testscript.AutomateHeatClinic.validateUserInRespectivePage(java.lang.String) throws java.lang.Exception requires a @DataProvider named : userPage
at java.util.ArrayList.forEach(ArrayList.java:1257)
... Removed 25 stack frames]]>
    </failure>
  </testcase> <!-- validateUserInRespectivePage -->
  <testcase name="verifyViewingMenText" time="0.152" classname="com.tutorialsninja.testscript.AutomateHeatClinic">
    <failure type="org.openqa.selenium.ElementNotInteractableException" message="Element &amp;lt;a class=&amp;quot;sub-menu&amp;quot; href=&amp;quot;/mens&amp;quot;&amp;gt; could not be scrolled into view
Build info: version: &amp;apos;4.0.0-alpha-2&amp;apos;, revision: &amp;apos;f148142cf8&amp;apos;, time: &amp;apos;2019-07-01T20:55:26&amp;apos;
System info: host: &amp;apos;ATMECSINLT-473&amp;apos;, ip: &amp;apos;55.55.53.108&amp;apos;, os.name: &amp;apos;Windows 10&amp;apos;, os.arch: &amp;apos;amd64&amp;apos;, os.version: &amp;apos;10.0&amp;apos;, java.version: &amp;apos;1.8.0_231&amp;apos;
Driver info: org.openqa.selenium.firefox.FirefoxDriver
Capabilities {acceptInsecureCerts: true, browserName: firefox, browserVersion: 70.0.1, javascriptEnabled: true, moz:accessibilityChecks: false, moz:buildID: 20191030021342, moz:geckodriverVersion: 0.24.0, moz:headless: false, moz:processID: 30676, moz:profile: C:\Users\indira.saravanan\A..., moz:shutdownTimeout: 60000, moz:useNonSpecCompliantPointerOrigin: false, moz:webdriverClick: true, pageLoadStrategy: normal, platform: WINDOWS, platformName: WINDOWS, platformVersion: 10.0, rotatable: false, setWindowRect: true, strictFileInteractability: false, timeouts: {implicit: 0, pageLoad: 300000, script: 30000}, unhandledPromptBehavior: dismiss and notify}
Session ID: 90d35eb6-5375-4ac9-aca9-7ee00e32a7c3">
      <![CDATA[org.openqa.selenium.ElementNotInteractableException: Element <a class="sub-menu" href="/mens"> could not be scrolled into view
Build info: version: '4.0.0-alpha-2', revision: 'f148142cf8', time: '2019-07-01T20:55:26'
System info: host: 'ATMECSINLT-473', ip: '55.55.53.108', os.name: 'Windows 10', os.arch: 'amd64', os.version: '10.0', java.version: '1.8.0_231'
Driver info: org.openqa.selenium.firefox.FirefoxDriver
Capabilities {acceptInsecureCerts: true, browserName: firefox, browserVersion: 70.0.1, javascriptEnabled: true, moz:accessibilityChecks: false, moz:buildID: 20191030021342, moz:geckodriverVersion: 0.24.0, moz:headless: false, moz:processID: 30676, moz:profile: C:\Users\indira.saravanan\A..., moz:shutdownTimeout: 60000, moz:useNonSpecCompliantPointerOrigin: false, moz:webdriverClick: true, pageLoadStrategy: normal, platform: WINDOWS, platformName: WINDOWS, platformVersion: 10.0, rotatable: false, setWindowRect: true, strictFileInteractability: false, timeouts: {implicit: 0, pageLoad: 300000, script: 30000}, unhandledPromptBehavior: dismiss and notify}
Session ID: 90d35eb6-5375-4ac9-aca9-7ee00e32a7c3
at org.openqa.selenium.remote.codec.w3c.W3CHttpResponseCodec.createException(W3CHttpResponseCodec.java:191)
at org.openqa.selenium.remote.codec.w3c.W3CHttpResponseCodec.decode(W3CHttpResponseCodec.java:125)
at org.openqa.selenium.remote.codec.w3c.W3CHttpResponseCodec.decode(W3CHttpResponseCodec.java:52)
at org.openqa.selenium.remote.HttpCommandExecutor.execute(HttpCommandExecutor.java:161)
at org.openqa.selenium.remote.service.DriverCommandExecutor.execute(DriverCommandExecutor.java:83)
at org.openqa.selenium.remote.RemoteWebDriver.execute(RemoteWebDriver.java:576)
at org.openqa.selenium.remote.RemoteWebElement.execute(RemoteWebElement.java:308)
at org.openqa.selenium.remote.RemoteWebElement.click(RemoteWebElement.java:83)
at com.tutorialsninja.helper.Helper.clickElement(Helper.java:53)
at com.tutorialsninja.testscript.AutomateHeatClinic.verifyViewingMenText(AutomateHeatClinic.java:38)
at java.util.ArrayList.forEach(ArrayList.java:1257)
... Removed 32 stack frames]]>
    </failure>
  </testcase> <!-- verifyViewingMenText -->
  <testcase name="BuyHabaneroShirt" time="0.0" classname="com.tutorialsninja.testscript.AutomateHeatClinic">
    <failure type="org.testng.TestNGException" message="
Method public void com.tutorialsninja.testscript.AutomateHeatClinic.BuyHabaneroShirt(java.lang.String) throws java.lang.Exception requires a @DataProvider named : personalizedName">
      <![CDATA[org.testng.TestNGException: 
Method public void com.tutorialsninja.testscript.AutomateHeatClinic.BuyHabaneroShirt(java.lang.String) throws java.lang.Exception requires a @DataProvider named : personalizedName
at java.util.ArrayList.forEach(ArrayList.java:1257)
... Removed 25 stack frames]]>
    </failure>
  </testcase> <!-- BuyHabaneroShirt -->
  <testcase name="validateCartItem" time="30.434" classname="com.tutorialsninja.testscript.AutomateHeatClinic"/>
</testsuite> <!-- HeatClinic -->
