<?xml version="1.0" encoding="UTF-8"?>
<!-- Generated by org.testng.reporters.JUnitXMLReporter -->
<testsuite hostname="ATMECSINLT-473" ignored="0" name="TutorialsNinja" tests="3" failures="3" timestamp="2019-11-08T20:42:50 IST" time="50.999" errors="0">
  <testcase name="validateHomepage" time="0.0" classname="com.tutorialsninja.testscript.AutomateTutorialsNinja">
    <failure type="org.testng.TestNGException" message="
Method public void com.tutorialsninja.testscript.AutomateTutorialsNinja.validateHomepage(java.lang.String) throws java.lang.Exception requires a @DataProvider named : url">
      <![CDATA[org.testng.TestNGException: 
Method public void com.tutorialsninja.testscript.AutomateTutorialsNinja.validateHomepage(java.lang.String) throws java.lang.Exception requires a @DataProvider named : url
at java.util.ArrayList.forEach(ArrayList.java:1257)
... Removed 25 stack frames]]>
    </failure>
  </testcase> <!-- validateHomepage -->
  <testcase name="addToCart" time="0.0" classname="com.tutorialsninja.testscript.AutomateTutorialsNinja">
    <failure type="org.testng.TestNGException" message="
Method public void com.tutorialsninja.testscript.AutomateTutorialsNinja.addToCart(java.lang.String,java.lang.String) throws java.lang.Exception requires a @DataProvider named : addToCart">
      <![CDATA[org.testng.TestNGException: 
Method public void com.tutorialsninja.testscript.AutomateTutorialsNinja.addToCart(java.lang.String,java.lang.String) throws java.lang.Exception requires a @DataProvider named : addToCart
at java.util.ArrayList.forEach(ArrayList.java:1257)
... Removed 25 stack frames]]>
    </failure>
  </testcase> <!-- addToCart -->
  <testcase name="cartTotal" time="30.077" classname="com.tutorialsninja.testscript.AutomateTutorialsNinja">
    <failure type="org.openqa.selenium.NoSuchElementException" message="Unable to locate element: #id\:cart\-total
For documentation on this error, please visit: https://www.seleniumhq.org/exceptions/no_such_element.html
Build info: version: &amp;apos;4.0.0-alpha-2&amp;apos;, revision: &amp;apos;f148142cf8&amp;apos;, time: &amp;apos;2019-07-01T20:55:26&amp;apos;
System info: host: &amp;apos;ATMECSINLT-473&amp;apos;, ip: &amp;apos;55.55.53.108&amp;apos;, os.name: &amp;apos;Windows 10&amp;apos;, os.arch: &amp;apos;amd64&amp;apos;, os.version: &amp;apos;10.0&amp;apos;, java.version: &amp;apos;1.8.0_231&amp;apos;
Driver info: org.openqa.selenium.firefox.FirefoxDriver
Capabilities {acceptInsecureCerts: true, browserName: firefox, browserVersion: 70.0.1, javascriptEnabled: true, moz:accessibilityChecks: false, moz:buildID: 20191030021342, moz:geckodriverVersion: 0.24.0, moz:headless: false, moz:processID: 27616, moz:profile: C:\Users\indira.saravanan\A..., moz:shutdownTimeout: 60000, moz:useNonSpecCompliantPointerOrigin: false, moz:webdriverClick: true, pageLoadStrategy: normal, platform: WINDOWS, platformName: WINDOWS, platformVersion: 10.0, rotatable: false, setWindowRect: true, strictFileInteractability: false, timeouts: {implicit: 0, pageLoad: 300000, script: 30000}, unhandledPromptBehavior: dismiss and notify}
Session ID: bfc4cd3b-9f4e-43a1-94a6-21e3d27b1b77
*** Element info: {Using=id, value=id:cart-total}">
      <![CDATA[org.openqa.selenium.NoSuchElementException: Unable to locate element: #id\:cart\-total
For documentation on this error, please visit: https://www.seleniumhq.org/exceptions/no_such_element.html
Build info: version: '4.0.0-alpha-2', revision: 'f148142cf8', time: '2019-07-01T20:55:26'
System info: host: 'ATMECSINLT-473', ip: '55.55.53.108', os.name: 'Windows 10', os.arch: 'amd64', os.version: '10.0', java.version: '1.8.0_231'
Driver info: org.openqa.selenium.firefox.FirefoxDriver
Capabilities {acceptInsecureCerts: true, browserName: firefox, browserVersion: 70.0.1, javascriptEnabled: true, moz:accessibilityChecks: false, moz:buildID: 20191030021342, moz:geckodriverVersion: 0.24.0, moz:headless: false, moz:processID: 27616, moz:profile: C:\Users\indira.saravanan\A..., moz:shutdownTimeout: 60000, moz:useNonSpecCompliantPointerOrigin: false, moz:webdriverClick: true, pageLoadStrategy: normal, platform: WINDOWS, platformName: WINDOWS, platformVersion: 10.0, rotatable: false, setWindowRect: true, strictFileInteractability: false, timeouts: {implicit: 0, pageLoad: 300000, script: 30000}, unhandledPromptBehavior: dismiss and notify}
Session ID: bfc4cd3b-9f4e-43a1-94a6-21e3d27b1b77
*** Element info: {Using=id, value=id:cart-total}
at org.openqa.selenium.remote.codec.w3c.W3CHttpResponseCodec.createException(W3CHttpResponseCodec.java:191)
at org.openqa.selenium.remote.codec.w3c.W3CHttpResponseCodec.decode(W3CHttpResponseCodec.java:125)
at org.openqa.selenium.remote.codec.w3c.W3CHttpResponseCodec.decode(W3CHttpResponseCodec.java:52)
at org.openqa.selenium.remote.HttpCommandExecutor.execute(HttpCommandExecutor.java:161)
at org.openqa.selenium.remote.service.DriverCommandExecutor.execute(DriverCommandExecutor.java:83)
at org.openqa.selenium.remote.RemoteWebDriver.execute(RemoteWebDriver.java:576)
at org.openqa.selenium.remote.RemoteWebDriver.findElement(RemoteWebDriver.java:327)
at org.openqa.selenium.remote.RemoteWebDriver.findElementById(RemoteWebDriver.java:375)
at org.openqa.selenium.By$ById.findElement(By.java:188)
at org.openqa.selenium.remote.RemoteWebDriver.findElement(RemoteWebDriver.java:319)
at com.tutorialsninja.testscript.AutomateTutorialsNinja.cartTotal(AutomateTutorialsNinja.java:40)
at java.util.ArrayList.forEach(ArrayList.java:1257)
... Removed 32 stack frames]]>
    </failure>
  </testcase> <!-- cartTotal -->
</testsuite> <!-- TutorialsNinja -->
